<?xml version="1.0" encoding="UTF-8"?>
<!-- Generated by org.testng.reporters.JUnitReportReporter -->
<testsuite hostname="Swathi_vadaje" failures="0" tests="1" name="com.day1.HTTPRequest" time="1.358" errors="0" timestamp="2024-07-22T20:01:49 CEST" skipped="0">
  <testcase classname="com.day1.HTTPRequest" name="getUser" time="1.358"/>
</testsuite> <!-- com.day1.HTTPRequest -->
